<?xml version="1.0" encoding="UTF-8"?>
<!-- Generated by org.testng.reporters.JUnitXMLReporter -->
<testsuite ignored="0" hostname="LAPTOP-9RE4AH4T" failures="0" tests="4" name="Test" time="0.046" errors="0" timestamp="2021-07-01T08:40:53 IST">
  <testcase classname="New_Project.Mavan_Automation.SeleniumTest" name="seleniumtest1" time="0.006"/>
  <testcase classname="New_Project.Mavan_Automation.SeleniumTest" name="seleniumtest2" time="0.001"/>
  <testcase classname="New_Project.Mavan_Automation.AppiumTest" name="AppiumTest1" time="0.001"/>
  <testcase classname="New_Project.Mavan_Automation.AppiumTest" name="AppiumTest2" time="0.001"/>
</testsuite> <!-- Test -->
