<?xml version="1.0" encoding="UTF-8"?>
<!-- Generated by org.testng.reporters.JUnitXMLReporter -->
<testsuite hostname="LAPTOP-9RE4AH4T" ignored="0" name="Command line test" tests="6" failures="0" timestamp="2021-07-01T22:34:49 IST" time="0.034" errors="0">
  <testcase name="apitest1" time="0.003" classname="New_Project.Mavan_Automation.APITest"/>
  <testcase name="apitest2" time="0.0" classname="New_Project.Mavan_Automation.APITest"/>
  <testcase name="AppiumTest1" time="0.0" classname="New_Project.Mavan_Automation.AppiumTest"/>
  <testcase name="AppiumTest2" time="0.0" classname="New_Project.Mavan_Automation.AppiumTest"/>
  <testcase name="seleniumtest1" time="0.0" classname="New_Project.Mavan_Automation.SeleniumTest"/>
  <testcase name="seleniumtest2" time="0.0" classname="New_Project.Mavan_Automation.SeleniumTest"/>
</testsuite> <!-- Command line test -->
