<?xml version="1.0" encoding="UTF-8"?>
<!-- Generated by org.testng.reporters.JUnitXMLReporter -->
<testsuite hostname="LAPTOP-9RE4AH4T" ignored="0" name="Test" tests="6" failures="0" timestamp="2021-07-03T13:13:21 IST" time="0.041" errors="0">
  <testcase name="seleniumtest1" time="0.004" classname="New_Project.Mavan_Automation.SeleniumTest"/>
  <testcase name="seleniumtest2" time="0.0" classname="New_Project.Mavan_Automation.SeleniumTest"/>
  <testcase name="AppiumTest1" time="0.0" classname="New_Project.Mavan_Automation.AppiumTest"/>
  <testcase name="AppiumTest2" time="0.0" classname="New_Project.Mavan_Automation.AppiumTest"/>
  <testcase name="apitest1" time="0.001" classname="New_Project.Mavan_Automation.APITest"/>
  <testcase name="apitest2" time="0.001" classname="New_Project.Mavan_Automation.APITest"/>
</testsuite> <!-- Test -->
