<?xml version="1.0" encoding="UTF-8"?>
<testng-results skipped="0" failed="0" ignored="0" total="6" passed="6">
  <reporter-output>
  </reporter-output>
  <suite name="Suite" duration-ms="41" started-at="2021-07-03T13:13:21 IST" finished-at="2021-07-03T13:13:21 IST">
    <groups>
    </groups>
    <test name="Test" duration-ms="41" started-at="2021-07-03T13:13:21 IST" finished-at="2021-07-03T13:13:21 IST">
      <class name="New_Project.Mavan_Automation.SeleniumTest">
        <test-method status="PASS" signature="seleniumtest1()[pri:0, instance:New_Project.Mavan_Automation.SeleniumTest@32709393]" name="seleniumtest1" duration-ms="4" started-at="2021-07-03T13:13:21 IST" finished-at="2021-07-03T13:13:21 IST">
          <reporter-output>
          </reporter-output>
        </test-method> <!-- seleniumtest1 -->
        <test-method status="PASS" signature="seleniumtest2()[pri:0, instance:New_Project.Mavan_Automation.SeleniumTest@32709393]" name="seleniumtest2" duration-ms="0" started-at="2021-07-03T13:13:21 IST" finished-at="2021-07-03T13:13:21 IST">
          <reporter-output>
          </reporter-output>
        </test-method> <!-- seleniumtest2 -->
      </class> <!-- New_Project.Mavan_Automation.SeleniumTest -->
      <class name="New_Project.Mavan_Automation.AppiumTest">
        <test-method status="PASS" signature="AppiumTest1()[pri:0, instance:New_Project.Mavan_Automation.AppiumTest@6737fd8f]" name="AppiumTest1" duration-ms="0" started-at="2021-07-03T13:13:21 IST" finished-at="2021-07-03T13:13:21 IST">
          <reporter-output>
          </reporter-output>
        </test-method> <!-- AppiumTest1 -->
        <test-method status="PASS" signature="AppiumTest2()[pri:0, instance:New_Project.Mavan_Automation.AppiumTest@6737fd8f]" name="AppiumTest2" duration-ms="0" started-at="2021-07-03T13:13:21 IST" finished-at="2021-07-03T13:13:21 IST">
          <reporter-output>
          </reporter-output>
        </test-method> <!-- AppiumTest2 -->
      </class> <!-- New_Project.Mavan_Automation.AppiumTest -->
      <class name="New_Project.Mavan_Automation.APITest">
        <test-method status="PASS" signature="apitest1()[pri:0, instance:New_Project.Mavan_Automation.APITest@72b6cbcc]" name="apitest1" duration-ms="1" started-at="2021-07-03T13:13:21 IST" finished-at="2021-07-03T13:13:21 IST">
          <reporter-output>
          </reporter-output>
        </test-method> <!-- apitest1 -->
        <test-method status="PASS" signature="apitest2()[pri:0, instance:New_Project.Mavan_Automation.APITest@72b6cbcc]" name="apitest2" duration-ms="1" started-at="2021-07-03T13:13:21 IST" finished-at="2021-07-03T13:13:21 IST">
          <reporter-output>
          </reporter-output>
        </test-method> <!-- apitest2 -->
      </class> <!-- New_Project.Mavan_Automation.APITest -->
    </test> <!-- Test -->
  </suite> <!-- Suite -->
</testng-results>
