<?xml version="1.0" encoding="UTF-8"?>
<testng-results ignored="0" total="4" passed="4" failed="0" skipped="0">
  <reporter-output>
  </reporter-output>
  <suite started-at="2021-07-01T08:40:53 IST" name="Suite" finished-at="2021-07-01T08:40:53 IST" duration-ms="46">
    <groups>
    </groups>
    <test started-at="2021-07-01T08:40:53 IST" name="Test" finished-at="2021-07-01T08:40:53 IST" duration-ms="46">
      <class name="New_Project.Mavan_Automation.SeleniumTest">
        <test-method signature="seleniumtest1()[pri:0, instance:New_Project.Mavan_Automation.SeleniumTest@49c7b90e]" started-at="2021-07-01T08:40:53 IST" name="seleniumtest1" finished-at="2021-07-01T08:40:53 IST" duration-ms="6" status="PASS">
          <reporter-output>
          </reporter-output>
        </test-method> <!-- seleniumtest1 -->
        <test-method signature="seleniumtest2()[pri:0, instance:New_Project.Mavan_Automation.SeleniumTest@49c7b90e]" started-at="2021-07-01T08:40:53 IST" name="seleniumtest2" finished-at="2021-07-01T08:40:53 IST" duration-ms="1" status="PASS">
          <reporter-output>
          </reporter-output>
        </test-method> <!-- seleniumtest2 -->
      </class> <!-- New_Project.Mavan_Automation.SeleniumTest -->
      <class name="New_Project.Mavan_Automation.AppiumTest">
        <test-method signature="AppiumTest1()[pri:0, instance:New_Project.Mavan_Automation.AppiumTest@71def8f8]" started-at="2021-07-01T08:40:53 IST" name="AppiumTest1" finished-at="2021-07-01T08:40:53 IST" duration-ms="1" status="PASS">
          <reporter-output>
          </reporter-output>
        </test-method> <!-- AppiumTest1 -->
        <test-method signature="AppiumTest2()[pri:0, instance:New_Project.Mavan_Automation.AppiumTest@71def8f8]" started-at="2021-07-01T08:40:53 IST" name="AppiumTest2" finished-at="2021-07-01T08:40:53 IST" duration-ms="1" status="PASS">
          <reporter-output>
          </reporter-output>
        </test-method> <!-- AppiumTest2 -->
      </class> <!-- New_Project.Mavan_Automation.AppiumTest -->
    </test> <!-- Test -->
  </suite> <!-- Suite -->
</testng-results>
